<?xml version="1.0" encoding="UTF-8"?>
<testsuite name="SpotifyTest" tests="1" skipped="0" failures="0" errors="0" timestamp="2020-02-08T06:58:00" hostname="admin1-HP-EliteBook-Folio-9480m" time="3.498">
  <properties/>
  <testcase name="toGetPlaylistIdAndUpdatePlaylistId" classname="SpotifyTest" time="3.498"/>
  <system-out><![CDATA[-------- get playlist Id --------
{
    "href": "https://api.spotify.com/v1/users/kkjrxo2ldcrtkavnglhwu6t41/playlists?offset=0&limit=20",
    "items": [
        {
            "collaborative": false,
            "description": "Updated playlist description",
            "external_urls": {
                "spotify": "https://open.spotify.com/playlist/4vvL3EMrp6p5R84vRpT02X"
            },
            "href": "https://api.spotify.com/v1/playlists/4vvL3EMrp6p5R84vRpT02X",
            "id": "4vvL3EMrp6p5R84vRpT02X",
            "images": [
                
            ],
            "name": "Arjit singh songs",
            "owner": {
                "display_name": "data",
                "external_urls": {
                    "spotify": "https://open.spotify.com/user/kkjrxo2ldcrtkavnglhwu6t41"
                },
                "href": "https://api.spotify.com/v1/users/kkjrxo2ldcrtkavnglhwu6t41",
                "id": "kkjrxo2ldcrtkavnglhwu6t41",
                "type": "user",
                "uri": "spotify:user:kkjrxo2ldcrtkavnglhwu6t41"
            },
            "primary_color": null,
            "public": false,
            "snapshot_id": "NiwwODBiNDQwMjA4ZWIxZDU5MGQ3M2ZiZWY3YTZlNGY3N2I3NjBmNTlj",
            "tracks": {
                "href": "https://api.spotify.com/v1/playlists/4vvL3EMrp6p5R84vRpT02X/tracks",
                "total": 0
            },
            "type": "playlist",
            "uri": "spotify:playlist:4vvL3EMrp6p5R84vRpT02X"
        },
        {
            "collaborative": false,
            "description": "Latest song",
            "external_urls": {
                "spotify": "https://open.spotify.com/playlist/2rze9116EeKuhAPVWFcvdV"
            },
            "href": "https://api.spotify.com/v1/playlists/2rze9116EeKuhAPVWFcvdV",
            "id": "2rze9116EeKuhAPVWFcvdV",
            "images": [
                
            ],
            "name": "Sonu nigam Songs",
            "owner": {
                "display_name": "data",
                "external_urls": {
                    "spotify": "https://open.spotify.com/user/kkjrxo2ldcrtkavnglhwu6t41"
                },
                "href": "https://api.spotify.com/v1/users/kkjrxo2ldcrtkavnglhwu6t41",
                "id": "kkjrxo2ldcrtkavnglhwu6t41",
                "type": "user",
                "uri": "spotify:user:kkjrxo2ldcrtkavnglhwu6t41"
            },
            "primary_color": null,
            "public": false,
            "snapshot_id": "MTIsODdkMmMzMmY1ZThkNTIxODQ0Y2IzYWQ3ZGZiMWI2MGY1ODUzMjg1Mg==",
            "tracks": {
                "href": "https://api.spotify.com/v1/playlists/2rze9116EeKuhAPVWFcvdV/tracks",
                "total": 0
            },
            "type": "playlist",
            "uri": "spotify:playlist:2rze9116EeKuhAPVWFcvdV"
        },
        {
            "collaborative": false,
            "description": "Journey to Mumbai",
            "external_urls": {
                "spotify": "https://open.spotify.com/playlist/0036Osy5U3noOx8QzM12gw"
            },
            "href": "https://api.spotify.com/v1/playlists/0036Osy5U3noOx8QzM12gw",
            "id": "0036Osy5U3noOx8QzM12gw",
            "images": [
                
            ],
            "name": "old songs",
            "owner": {
                "display_name": "data",
                "external_urls": {
                    "spotify": "https://open.spotify.com/user/kkjrxo2ldcrtkavnglhwu6t41"
                },
                "href": "https://api.spotify.com/v1/users/kkjrxo2ldcrtkavnglhwu6t41",
                "id": "kkjrxo2ldcrtkavnglhwu6t41",
                "type": "user",
                "uri": "spotify:user:kkjrxo2ldcrtkavnglhwu6t41"
            },
            "primary_color": null,
            "public": false,
            "snapshot_id": "Miw3ZjhlNTlhZWU2MWU0ZDBhMzVjMDdiZDE3ZGNkODFmZGVhY2Q4M2Nh",
            "tracks": {
                "href": "https://api.spotify.com/v1/playlists/0036Osy5U3noOx8QzM12gw/tracks",
                "total": 0
            },
            "type": "playlist",
            "uri": "spotify:playlist:0036Osy5U3noOx8QzM12gw"
        },
        {
            "collaborative": false,
            "description": "Journey to Mumbai",
            "external_urls": {
                "spotify": "https://open.spotify.com/playlist/3VSBJHBSy8usDDhRJQV68v"
            },
            "href": "https://api.spotify.com/v1/playlists/3VSBJHBSy8usDDhRJQV68v",
            "id": "3VSBJHBSy8usDDhRJQV68v",
            "images": [
                
            ],
            "name": "old songs",
            "owner": {
                "display_name": "data",
                "external_urls": {
                    "spotify": "https://open.spotify.com/user/kkjrxo2ldcrtkavnglhwu6t41"
                },
                "href": "https://api.spotify.com/v1/users/kkjrxo2ldcrtkavnglhwu6t41",
                "id": "kkjrxo2ldcrtkavnglhwu6t41",
                "type": "user",
                "uri": "spotify:user:kkjrxo2ldcrtkavnglhwu6t41"
            },
            "primary_color": null,
            "public": false,
            "snapshot_id": "MiwzMWZjNWI2N2ZiMzJhYjg5NTFkYjIxOWI1MGJlNmRjNmRiYTRjODNm",
            "tracks": {
                "href": "https://api.spotify.com/v1/playlists/3VSBJHBSy8usDDhRJQV68v/tracks",
                "total": 0
            },
            "type": "playlist",
            "uri": "spotify:playlist:3VSBJHBSy8usDDhRJQV68v"
        },
        {
            "collaborative": false,
            "description": "Updated playlist description",
            "external_urls": {
                "spotify": "https://open.spotify.com/playlist/2n7nZULaNhB8YP7Hu3C31g"
            },
            "href": "https://api.spotify.com/v1/playlists/2n7nZULaNhB8YP7Hu3C31g",
            "id": "2n7nZULaNhB8YP7Hu3C31g",
            "images": [
                
            ],
            "name": "Latest new songs",
            "owner": {
                "display_name": "data",
                "external_urls": {
                    "spotify": "https://open.spotify.com/user/kkjrxo2ldcrtkavnglhwu6t41"
                },
                "href": "https://api.spotify.com/v1/users/kkjrxo2ldcrtkavnglhwu6t41",
                "id": "kkjrxo2ldcrtkavnglhwu6t41",
                "type": "user",
                "uri": "spotify:user:kkjrxo2ldcrtkavnglhwu6t41"
            },
            "primary_color": null,
            "public": false,
            "snapshot_id": "OCw0MzQ4ZTA1NjdhYmI1ZDdmYTdmMmRmODNhYjdkNzE3NGQ5N2RiODIw",
            "tracks": {
                "href": "https://api.spotify.com/v1/playlists/2n7nZULaNhB8YP7Hu3C31g/tracks",
                "total": 0
            },
            "type": "playlist",
            "uri": "spotify:playlist:2n7nZULaNhB8YP7Hu3C31g"
        }
    ],
    "limit": 20,
    "next": null,
    "offset": 0,
    "previous": null,
    "total": 5
}
Playlist id is 2rze9116EeKuhAPVWFcvdV
-------- Updating playlist --------

--------playlist is Updated--------
-------- Updated playlist --------
{
    "href": "https://api.spotify.com/v1/users/kkjrxo2ldcrtkavnglhwu6t41/playlists?offset=0&limit=20",
    "items": [
        {
            "collaborative": false,
            "description": "Updated playlist description",
            "external_urls": {
                "spotify": "https://open.spotify.com/playlist/4vvL3EMrp6p5R84vRpT02X"
            },
            "href": "https://api.spotify.com/v1/playlists/4vvL3EMrp6p5R84vRpT02X",
            "id": "4vvL3EMrp6p5R84vRpT02X",
            "images": [
                
            ],
            "name": "Arjit singh songs",
            "owner": {
                "display_name": "data",
                "external_urls": {
                    "spotify": "https://open.spotify.com/user/kkjrxo2ldcrtkavnglhwu6t41"
                },
                "href": "https://api.spotify.com/v1/users/kkjrxo2ldcrtkavnglhwu6t41",
                "id": "kkjrxo2ldcrtkavnglhwu6t41",
                "type": "user",
                "uri": "spotify:user:kkjrxo2ldcrtkavnglhwu6t41"
            },
            "primary_color": null,
            "public": false,
            "snapshot_id": "NiwwODBiNDQwMjA4ZWIxZDU5MGQ3M2ZiZWY3YTZlNGY3N2I3NjBmNTlj",
            "tracks": {
                "href": "https://api.spotify.com/v1/playlists/4vvL3EMrp6p5R84vRpT02X/tracks",
                "total": 0
            },
            "type": "playlist",
            "uri": "spotify:playlist:4vvL3EMrp6p5R84vRpT02X"
        },
        {
            "collaborative": false,
            "description": "Latest song",
            "external_urls": {
                "spotify": "https://open.spotify.com/playlist/2rze9116EeKuhAPVWFcvdV"
            },
            "href": "https://api.spotify.com/v1/playlists/2rze9116EeKuhAPVWFcvdV",
            "id": "2rze9116EeKuhAPVWFcvdV",
            "images": [
                
            ],
            "name": "Sonu nigam Songs",
            "owner": {
                "display_name": "data",
                "external_urls": {
                    "spotify": "https://open.spotify.com/user/kkjrxo2ldcrtkavnglhwu6t41"
                },
                "href": "https://api.spotify.com/v1/users/kkjrxo2ldcrtkavnglhwu6t41",
                "id": "kkjrxo2ldcrtkavnglhwu6t41",
                "type": "user",
                "uri": "spotify:user:kkjrxo2ldcrtkavnglhwu6t41"
            },
            "primary_color": null,
            "public": false,
            "snapshot_id": "MTQsMGI0NmM1Yjg4M2IxNmUzMzkxYmJkYThhZTQ2M2RhMzhjZDAwMmY4ZQ==",
            "tracks": {
                "href": "https://api.spotify.com/v1/playlists/2rze9116EeKuhAPVWFcvdV/tracks",
                "total": 0
            },
            "type": "playlist",
            "uri": "spotify:playlist:2rze9116EeKuhAPVWFcvdV"
        },
        {
            "collaborative": false,
            "description": "Journey to Mumbai",
            "external_urls": {
                "spotify": "https://open.spotify.com/playlist/0036Osy5U3noOx8QzM12gw"
            },
            "href": "https://api.spotify.com/v1/playlists/0036Osy5U3noOx8QzM12gw",
            "id": "0036Osy5U3noOx8QzM12gw",
            "images": [
                
            ],
            "name": "old songs",
            "owner": {
                "display_name": "data",
                "external_urls": {
                    "spotify": "https://open.spotify.com/user/kkjrxo2ldcrtkavnglhwu6t41"
                },
                "href": "https://api.spotify.com/v1/users/kkjrxo2ldcrtkavnglhwu6t41",
                "id": "kkjrxo2ldcrtkavnglhwu6t41",
                "type": "user",
                "uri": "spotify:user:kkjrxo2ldcrtkavnglhwu6t41"
            },
            "primary_color": null,
            "public": false,
            "snapshot_id": "Miw3ZjhlNTlhZWU2MWU0ZDBhMzVjMDdiZDE3ZGNkODFmZGVhY2Q4M2Nh",
            "tracks": {
                "href": "https://api.spotify.com/v1/playlists/0036Osy5U3noOx8QzM12gw/tracks",
                "total": 0
            },
            "type": "playlist",
            "uri": "spotify:playlist:0036Osy5U3noOx8QzM12gw"
        },
        {
            "collaborative": false,
            "description": "Journey to Mumbai",
            "external_urls": {
                "spotify": "https://open.spotify.com/playlist/3VSBJHBSy8usDDhRJQV68v"
            },
            "href": "https://api.spotify.com/v1/playlists/3VSBJHBSy8usDDhRJQV68v",
            "id": "3VSBJHBSy8usDDhRJQV68v",
            "images": [
                
            ],
            "name": "old songs",
            "owner": {
                "display_name": "data",
                "external_urls": {
                    "spotify": "https://open.spotify.com/user/kkjrxo2ldcrtkavnglhwu6t41"
                },
                "href": "https://api.spotify.com/v1/users/kkjrxo2ldcrtkavnglhwu6t41",
                "id": "kkjrxo2ldcrtkavnglhwu6t41",
                "type": "user",
                "uri": "spotify:user:kkjrxo2ldcrtkavnglhwu6t41"
            },
            "primary_color": null,
            "public": false,
            "snapshot_id": "MiwzMWZjNWI2N2ZiMzJhYjg5NTFkYjIxOWI1MGJlNmRjNmRiYTRjODNm",
            "tracks": {
                "href": "https://api.spotify.com/v1/playlists/3VSBJHBSy8usDDhRJQV68v/tracks",
                "total": 0
            },
            "type": "playlist",
            "uri": "spotify:playlist:3VSBJHBSy8usDDhRJQV68v"
        },
        {
            "collaborative": false,
            "description": "Updated playlist description",
            "external_urls": {
                "spotify": "https://open.spotify.com/playlist/2n7nZULaNhB8YP7Hu3C31g"
            },
            "href": "https://api.spotify.com/v1/playlists/2n7nZULaNhB8YP7Hu3C31g",
            "id": "2n7nZULaNhB8YP7Hu3C31g",
            "images": [
                
            ],
            "name": "Latest new songs",
            "owner": {
                "display_name": "data",
                "external_urls": {
                    "spotify": "https://open.spotify.com/user/kkjrxo2ldcrtkavnglhwu6t41"
                },
                "href": "https://api.spotify.com/v1/users/kkjrxo2ldcrtkavnglhwu6t41",
                "id": "kkjrxo2ldcrtkavnglhwu6t41",
                "type": "user",
                "uri": "spotify:user:kkjrxo2ldcrtkavnglhwu6t41"
            },
            "primary_color": null,
            "public": false,
            "snapshot_id": "OCw0MzQ4ZTA1NjdhYmI1ZDdmYTdmMmRmODNhYjdkNzE3NGQ5N2RiODIw",
            "tracks": {
                "href": "https://api.spotify.com/v1/playlists/2n7nZULaNhB8YP7Hu3C31g/tracks",
                "total": 0
            },
            "type": "playlist",
            "uri": "spotify:playlist:2n7nZULaNhB8YP7Hu3C31g"
        }
    ],
    "limit": 20,
    "next": null,
    "offset": 0,
    "previous": null,
    "total": 5
}
]]></system-out>
  <system-err><![CDATA[]]></system-err>
</testsuite>
